https://freenode.live/
https://freenode.live/
https://freenode.net
https://freenode.net
https://freenode.live
https://freenode.live/
https://freenode.live/
https://freenode.net
https://freenode.net
https://freenode.live
http://code.i3wm.org/
http://i3wm.org/
http://faq.i3wm.org/
https://bintray.com/i3/i3-autobuild/i3-wm#statistics
http://p.nnev.de/
https://transfer.sh/
https://youtu.be/AWA8Pl57UBY
https://paste.ubuntu.com/p/Syq8XVD3zw/
https://paste.ubuntu.com/p/bmXkK4CJQm/
https://freenode.live/
https://freenode.live/
https://freenode.net
https://freenode.net
https://freenode.live
http://code.i3wm.org/
http://i3wm.org/
http://faq.i3wm.org/
https://bintray.com/i3/i3-autobuild/i3-wm#statistics
http://p.nnev.de/
https://transfer.sh/
https://youtu.be/AWA8Pl57UBY
http://www.hyperfilter.com/
https://freenode.live/
https://freenode.live/
https://freenode.net
https://freenode.net
https://freenode.live
http://freenode.net/kb/answer/registration>
http://tinyurl.com/y88wbbqf>
https://freenode.net/kb/answer/registration
https://github.com/jaagr/polybar/wiki>
https://travelingmailbox.com/
https://freenode.live/
https://freenode.live/
https://freenode.net
https://freenode.net
https://freenode.live
http://freenode.net/kb/answer/registration>
http://tinyurl.com/y88wbbqf>
https://freenode.net/kb/answer/registration
https://bit.ly/psf-survey-2018
https://paste.pound-python.org/
https://j.mp/psf-coc
https://j.mp/MCAhYx
https://j.mp/23X7emF
https://j.mp/1Mq06bF
http://www.openvdb.org/download/
file:
https://pillow.readthedocs.io/en/5.3.x/handbook/tutorial.html#point-operations
https://i.imgur.com/IBHEdS3.png
https://freenode.linux.community
https://paste.linux.community
https://freenode.linux.community/how-to-connect/
https://freenode.linux.community/channel-rules/
http://www.soup-dev.com/
https://docs.python.org/3/library/csv.html
http://www.hyperfilter.com/
https://freenode.live/
https://freenode.live/
https://freenode.net
https://freenode.net
https://freenode.live
http://freenode.net/kb/answer/registration>
http://tinyurl.com/y88wbbqf>
https://freenode.net/kb/answer/registration
http://code.i3wm.org/
http://i3wm.org/
http://faq.i3wm.org/
https://bintray.com/i3/i3-autobuild/i3-wm#statistics
http://p.nnev.de/
https://transfer.sh/
https://youtu.be/AWA8Pl57UBY
https://freenode.live/
https://freenode.live/
https://freenode.net
https://freenode.net
https://freenode.live
http://freenode.net/kb/answer/registration>
http://tinyurl.com/y88wbbqf>
https://freenode.net/kb/answer/registration
http://www.hyperfilter.com/
https://freenode.live/
https://freenode.live/
https://freenode.net
https://freenode.net
https://freenode.live
http://freenode.net/kb/answer/registration>
http://tinyurl.com/y88wbbqf>
https://freenode.net/kb/answer/registration
http://code.i3wm.org/
http://i3wm.org/
http://faq.i3wm.org/
https://bintray.com/i3/i3-autobuild/i3-wm#statistics
http://p.nnev.de/
https://transfer.sh/
https://youtu.be/AWA8Pl57UBY
